<?xml version="1.0" encoding="utf-8"?>
<TestRun id="10c0b7f9-bbbc-4914-b75a-6ef126f18c72" name="olive@DESKTOP-S1AQ78O 2024-05-17 23:07:47" runUser="DESKTOP-S1AQ78O\olive" xmlns="http://microsoft.com/schemas/VisualStudio/TeamTest/2010">
  <Times creation="2024-05-17T23:07:47.7790218-05:00" queuing="2024-05-17T23:07:47.7790220-05:00" start="2024-05-17T23:07:47.5633516-05:00" finish="2024-05-17T23:07:47.7790815-05:00" />
  <TestSettings name="default" id="5e146e96-eac1-44db-9aa3-e75abd184e4e">
    <Deployment runDeploymentRoot="olive_DESKTOP-S1AQ78O_2024-05-17_23_07_47" />
  </TestSettings>
  <TestLists>
    <TestList name="Results Not in a List" id="8c84fa94-04c1-424b-9868-57a2d4851a1d" />
    <TestList name="All Loaded Results" id="19431567-8539-422a-85d7-44ee4e166bda" />
  </TestLists>
  <ResultSummary outcome="Failed">
    <Counters total="0" executed="0" passed="0" failed="0" error="0" timeout="0" aborted="0" inconclusive="0" passedButRunAborted="0" notRunnable="0" notExecuted="0" disconnected="0" warning="0" completed="0" inProgress="0" pending="0" />
    <Output>
      <StdOut>Start executing tests, 1 TestCases total.&#xD;
Current directory set to: E:\GameDev\godot-fps&#xD;
Run with args  --path . res://gdunit4_testadapter/TestAdapterRunner.tscn --testadapter --configfile="E:\GameDev\godot-fps\GdUnitRunner_a5e99d6d-68c0-4b8e-a0a9-7358ecc7afd2.cfg" &#xD;
</StdOut>
    </Output>
    <RunInfos>
      <RunInfo computerName="DESKTOP-S1AQ78O" outcome="Error" timestamp="2024-05-17T23:07:47.7348193-05:00">
        <Text>An exception occurred while invoking executor 'executor://gdunit4.testadapter/': An error occurred trying to start process 'd:\development\Godot_v4.2.1-stable_mono_win64\Godot_v4.2.1-stable_mono_win64.exe' with working directory 'E:\GameDev\godot-fps'. The system cannot find the file specified.&#xD;
Stack trace:&#xD;
   at System.Diagnostics.Process.StartWithCreateProcess(ProcessStartInfo startInfo)&#xD;
   at GdUnit4.TestAdapter.Execution.TestExecutor.Run(IFrameworkHandle frameworkHandle, IRunContext runContext, IEnumerable`1 testCases)&#xD;
   at GdUnit4.TestAdapter.GdUnit4TestExecutor.RunTests(IEnumerable`1 tests, IRunContext runContext, IFrameworkHandle frameworkHandle)&#xD;
   at Microsoft.VisualStudio.TestPlatform.Common.ExtensionDecorators.SerialTestRunDecorator.RunTests(IEnumerable`1 tests, IRunContext runContext, IFrameworkHandle frameworkHandle) in /_/src/Microsoft.TestPlatform.Common/ExtensionDecorators/SerialTestRunDecorator.cs:line 44&#xD;
   at Microsoft.VisualStudio.TestPlatform.CrossPlatEngine.Execution.RunTestsWithTests.InvokeExecutor(LazyExtension`2 executor, Tuple`2 executorUri, RunContext runContext, IFrameworkHandle frameworkHandle) in /_/src/Microsoft.TestPlatform.CrossPlatEngine/Execution/RunTestsWithTests.cs:line 72&#xD;
   at Microsoft.VisualStudio.TestPlatform.CrossPlatEngine.Execution.BaseRunTests.RunTestInternalWithExecutors(IEnumerable`1 executorUriExtensionMap, Int64 totalTests) in /_/src/Microsoft.TestPlatform.CrossPlatEngine/Execution/BaseRunTests.cs:line 466&#xD;
</Text>
      </RunInfo>
    </RunInfos>
  </ResultSummary>
</TestRun>